[2025-07-25T10:58:42.249Z] DEBUG: Rate limit check passed for IP: ::1, remaining: 9
[2025-07-25T11:00:02.768Z] DEBUG: Rate limit check passed for IP: ::1, remaining: 9
[2025-07-25T11:00:02.833Z] DEBUG: Executed query {"text":"SELECT id FROM urls WHERE short_code = $1","duration":48,"rows":0}
[2025-07-25T11:00:02.838Z] DEBUG: Executed query {"text":"\n      INSERT INTO urls (long_url, short_code, expires_at)\n      VALUES ($1, $2, $3)\n      RETURNING id, long_url, short_code, clicks, created_at, expires_at\n    ","duration":5,"rows":1}
[2025-07-25T11:00:02.841Z] DEBUG: Cached URL for short code: vgf3C3
[2025-07-25T11:03:12.342Z] DEBUG: Rate limit check passed for IP: ::1, remaining: 9
[2025-07-25T11:03:12.359Z] DEBUG: Executed query {"text":"SELECT id FROM urls WHERE short_code = $1","duration":3,"rows":0}
[2025-07-25T11:03:12.362Z] DEBUG: Executed query {"text":"\n      INSERT INTO urls (long_url, short_code, expires_at)\n      VALUES ($1, $2, $3)\n      RETURNING id, long_url, short_code, clicks, created_at, expires_at\n    ","duration":1,"rows":1}
[2025-07-25T11:03:12.364Z] DEBUG: Cached URL for short code: N0105Z
[2025-07-25T11:03:16.249Z] DEBUG: Cache hit for short code: N0105Z
[2025-07-25T11:03:16.263Z] DEBUG: Incremented click count for: N0105Z
[2025-07-25T11:03:16.271Z] DEBUG: Executed query {"text":"UPDATE urls SET clicks = clicks + 1 WHERE short_code = $1","duration":6,"rows":1}
[2025-07-25T11:03:35.385Z] DEBUG: Cache hit for short code: N0105Z
[2025-07-25T11:03:35.391Z] DEBUG: Incremented click count for: N0105Z
[2025-07-25T11:03:35.393Z] DEBUG: Executed query {"text":"UPDATE urls SET clicks = clicks + 1 WHERE short_code = $1","duration":1,"rows":1}
[2025-07-25T11:03:59.952Z] DEBUG: Rate limit check passed for IP: ::1, remaining: 8
[2025-07-25T11:04:06.772Z] DEBUG: Rate limit check passed for IP: ::1, remaining: 7
[2025-07-25T11:04:06.824Z] DEBUG: Executed query {"text":"SELECT id FROM urls WHERE short_code = $1","duration":45,"rows":0}
[2025-07-25T11:04:06.829Z] DEBUG: Executed query {"text":"\n      INSERT INTO urls (long_url, short_code, expires_at)\n      VALUES ($1, $2, $3)\n      RETURNING id, long_url, short_code, clicks, created_at, expires_at\n    ","duration":4,"rows":1}
[2025-07-25T11:04:06.833Z] DEBUG: Cached URL for short code: R3Tdbu
[2025-07-25T11:04:16.457Z] DEBUG: Rate limit check passed for IP: ::1, remaining: 9
[2025-07-25T11:04:16.461Z] DEBUG: Executed query {"text":"SELECT short_code, long_url, clicks, created_at, expires_at FROM urls WHERE short_code = $1","duration":1,"rows":1}
[2025-07-25T11:04:41.753Z] DEBUG: Rate limit check passed for IP: ::1, remaining: 8
[2025-07-25T11:04:41.757Z] DEBUG: Executed query {"text":"SELECT id FROM urls WHERE short_code = $1","duration":2,"rows":0}
[2025-07-25T11:04:41.770Z] DEBUG: Executed query {"text":"\n      INSERT INTO urls (long_url, short_code, expires_at)\n      VALUES ($1, $2, $3)\n      RETURNING id, long_url, short_code, clicks, created_at, expires_at\n    ","duration":12,"rows":1}
[2025-07-25T11:04:41.772Z] DEBUG: Cached URL for short code: yoooooo
[2025-07-25T11:05:09.592Z] DEBUG: Rate limit check passed for IP: ::1, remaining: 7
[2025-07-25T11:05:09.595Z] DEBUG: Executed query {"text":"SELECT id FROM urls WHERE short_code = $1","duration":1,"rows":1}
[2025-07-25T11:05:21.893Z] DEBUG: Cache hit for short code: yoooooo
[2025-07-25T11:05:21.899Z] DEBUG: Incremented click count for: yoooooo
[2025-07-25T11:05:21.902Z] DEBUG: Executed query {"text":"UPDATE urls SET clicks = clicks + 1 WHERE short_code = $1","duration":2,"rows":1}
[2025-07-25T11:09:28.476Z] DEBUG: Rate limit check passed for IP: ::1, remaining: 9
[2025-07-25T11:09:28.516Z] DEBUG: Executed query {"text":"SELECT id FROM urls WHERE short_code = $1","duration":38,"rows":0}
[2025-07-25T11:09:28.519Z] DEBUG: Executed query {"text":"\n      INSERT INTO urls (long_url, short_code, expires_at)\n      VALUES ($1, $2, $3)\n      RETURNING id, long_url, short_code, clicks, created_at, expires_at\n    ","duration":1,"rows":1}
[2025-07-25T11:09:28.520Z] DEBUG: Cached URL for short code: naS32i
[2025-07-25T11:09:40.580Z] DEBUG: Cache hit for short code: naS32i
[2025-07-25T11:09:40.587Z] DEBUG: Incremented click count for: naS32i
[2025-07-25T11:09:40.590Z] DEBUG: Executed query {"text":"UPDATE urls SET clicks = clicks + 1 WHERE short_code = $1","duration":2,"rows":1}
[2025-07-25T11:09:51.611Z] DEBUG: Rate limit check passed for IP: ::1, remaining: 8
[2025-07-25T11:10:04.770Z] DEBUG: Rate limit check passed for IP: ::1, remaining: 7
[2025-07-25T11:10:04.773Z] DEBUG: Executed query {"text":"SELECT short_code, long_url, clicks, created_at, expires_at FROM urls WHERE short_code = $1","duration":1,"rows":1}
[2025-07-25T11:10:24.454Z] DEBUG: Cache hit for short code: naS32i
[2025-07-25T11:10:24.460Z] DEBUG: Incremented click count for: naS32i
[2025-07-25T11:10:24.463Z] DEBUG: Executed query {"text":"UPDATE urls SET clicks = clicks + 1 WHERE short_code = $1","duration":1,"rows":1}
[2025-07-25T11:10:27.511Z] DEBUG: Cache hit for short code: naS32i
[2025-07-25T11:10:27.518Z] DEBUG: Incremented click count for: naS32i
[2025-07-25T11:10:27.522Z] DEBUG: Executed query {"text":"UPDATE urls SET clicks = clicks + 1 WHERE short_code = $1","duration":1,"rows":1}
[2025-07-25T11:10:29.824Z] DEBUG: Cache hit for short code: naS32i
[2025-07-25T11:10:29.829Z] DEBUG: Incremented click count for: naS32i
[2025-07-25T11:10:29.835Z] DEBUG: Executed query {"text":"UPDATE urls SET clicks = clicks + 1 WHERE short_code = $1","duration":2,"rows":1}
[2025-07-25T11:10:46.786Z] DEBUG: Rate limit check passed for IP: ::1, remaining: 9
[2025-07-25T11:10:46.790Z] DEBUG: Executed query {"text":"SELECT short_code, long_url, clicks, created_at, expires_at FROM urls WHERE short_code = $1","duration":1,"rows":1}
